2020.09.28 08:30:31 INFO  started: Metals version 0.9.4 in workspace 'C:\Users\HP\Desktop\Universidad\Cuarto Semestre\Diseño de Interfaces\Zoo' for client vscode.
2020.09.28 08:30:32 INFO  time: initialize in 1.13s
2020.09.28 08:30:38 WARN  no build tool detected in workspace 'C:\Users\HP\Desktop\Universidad\Cuarto Semestre\Diseño de Interfaces\Zoo'. The most common cause for this problem is that the editor was opened in the wrong working directory, for example if you use sbt then the workspace directory should contain build.sbt. 
2020.09.28 08:33:46 INFO  shutting down Metals
2020.09.28 11:17:41 INFO  started: Metals version 0.9.4 in workspace 'C:\Users\HP\Desktop\Universidad\Cuarto Semestre\Diseño de Interfaces\Zoo' for client vscode.
2020.09.28 11:17:44 INFO  time: initialize in 2.38s
2020.09.28 11:17:48 WARN  no build tool detected in workspace 'C:\Users\HP\Desktop\Universidad\Cuarto Semestre\Diseño de Interfaces\Zoo'. The most common cause for this problem is that the editor was opened in the wrong working directory, for example if you use sbt then the workspace directory should contain build.sbt. 
2020.09.28 11:32:52 INFO  shutting down Metals
2020.10.20 06:47:40 INFO  started: Metals version 0.9.4 in workspace 'C:\Users\HP\Desktop\Universidad\Cuarto Semestre\Diseño de Interfaces\Versiones Zoo\AppZoo' for client vscode.
2020.10.20 06:47:44 INFO  time: initialize in 4.26s
2020.10.20 06:47:51 WARN  no build tool detected in workspace 'C:\Users\HP\Desktop\Universidad\Cuarto Semestre\Diseño de Interfaces\Versiones Zoo\AppZoo'. The most common cause for this problem is that the editor was opened in the wrong working directory, for example if you use sbt then the workspace directory should contain build.sbt. 
2020.10.20 08:26:07 INFO  shutting down Metals
2020.11.03 16:15:47 INFO  started: Metals version 0.9.4 in workspace 'C:\Users\HP\Desktop\Universidad\Cuarto Semestre\Diseño de Interfaces\Versiones Zoo\AppZoo' for client vscode.
2020.11.03 16:15:49 INFO  time: initialize in 1.72s
2020.11.03 16:15:57 WARN  no build tool detected in workspace 'C:\Users\HP\Desktop\Universidad\Cuarto Semestre\Diseño de Interfaces\Versiones Zoo\AppZoo'. The most common cause for this problem is that the editor was opened in the wrong working directory, for example if you use sbt then the workspace directory should contain build.sbt. 
2020.11.03 16:23:02 INFO  shutting down Metals
2020.11.13 09:27:30 INFO  started: Metals version 0.9.4 in workspace 'C:\Users\HP\Desktop\Universidad\Cuarto Semestre\Diseño de Interfaces\Versiones Zoo\AppZoo' for client vscode.
2020.11.13 09:27:34 INFO  time: initialize in 4.18s
2020.11.13 09:27:40 WARN  no build tool detected in workspace 'C:\Users\HP\Desktop\Universidad\Cuarto Semestre\Diseño de Interfaces\Versiones Zoo\AppZoo'. The most common cause for this problem is that the editor was opened in the wrong working directory, for example if you use sbt then the workspace directory should contain build.sbt. 
2020.11.17 23:27:56 INFO  started: Metals version 0.9.4 in workspace 'C:\Users\HP\Desktop\Universidad\Cuarto Semestre\Diseño de Interfaces\Versiones Zoo\AppZoo' for client vscode.
2020.11.17 23:27:58 INFO  time: initialize in 1.68s
2020.11.17 23:28:06 WARN  no build tool detected in workspace 'C:\Users\HP\Desktop\Universidad\Cuarto Semestre\Diseño de Interfaces\Versiones Zoo\AppZoo'. The most common cause for this problem is that the editor was opened in the wrong working directory, for example if you use sbt then the workspace directory should contain build.sbt. 
2020.11.17 23:35:26 INFO  shutting down Metals
